# JRE version: Java(TM) SE Runtime Environment (8.0_20-b26) (build 1.8.0_20-b26)
# Java VM: Java HotSpot(TM) 64-Bit Server VM (25.20-b23 mixed mode windows-amd64 compressed oops)
Heap:
 PSYoungGen      total 227328K, used 25812K [0x00000000eab00000, 0x00000000f9b80000, 0x0000000100000000)
  eden space 208384K, 12% used [0x00000000eab00000,0x00000000ec4352d8,0x00000000f7680000)
  from space 18944K, 0% used [0x00000000f7680000,0x00000000f7680000,0x00000000f8900000)
  to   space 16896K, 0% used [0x00000000f8a00000,0x00000000f8a00000,0x00000000f9a80000)
 ParOldGen       total 58880K, used 53714K [0x00000000c0000000, 0x00000000c3980000, 0x00000000eab00000)
  object space 58880K, 91% used [0x00000000c0000000,0x00000000c3474be8,0x00000000c3980000)
 Metaspace       used 53981K, capacity 55352K, committed 55552K, reserved 1097728K
  class space    used 7241K, capacity 7626K, committed 7680K, reserved 1048576K
GC Heap History (10 events):
Event: 303.915 GC heap before
{Heap before GC invocations=16 (full 2):
 PSYoungGen      total 132608K, used 130701K [0x00000000eab00000, 0x00000000f6200000, 0x0000000100000000)
  eden space 118784K, 100% used [0x00000000eab00000,0x00000000f1f00000,0x00000000f1f00000)
  from space 13824K, 86% used [0x00000000f1f00000,0x00000000f2aa3770,0x00000000f2c80000)
  to   space 15872K, 0% used [0x00000000f5280000,0x00000000f5280000,0x00000000f6200000)
 ParOldGen       total 58880K, used 16537K [0x00000000c0000000, 0x00000000c3980000, 0x00000000eab00000)
  object space 58880K, 28% used [0x00000000c0000000,0x00000000c10264f8,0x00000000c3980000)
 Metaspace       used 43146K, capacity 44280K, committed 44416K, reserved 1087488K
  class space    used 5696K, capacity 5910K, committed 6016K, reserved 1048576K
Event: 303.938 GC heap after
Heap after GC invocations=16 (full 2):
 PSYoungGen      total 171008K, used 10875K [0x00000000eab00000, 0x00000000f6700000, 0x0000000100000000)
  eden space 155136K, 0% used [0x00000000eab00000,0x00000000eab00000,0x00000000f4280000)
  from space 15872K, 68% used [0x00000000f5280000,0x00000000f5d1ec80,0x00000000f6200000)
  to   space 16384K, 0% used [0x00000000f4280000,0x00000000f4280000,0x00000000f5280000)
 ParOldGen       total 58880K, used 24472K [0x00000000c0000000, 0x00000000c3980000, 0x00000000eab00000)
  object space 58880K, 41% used [0x00000000c0000000,0x00000000c17e61f8,0x00000000c3980000)
 Metaspace       used 43146K, capacity 44280K, committed 44416K, reserved 1087488K
  class space    used 5696K, capacity 5910K, committed 6016K, reserved 1048576K
}
Event: 305.102 GC heap before
{Heap before GC invocations=17 (full 2):
 PSYoungGen      total 171008K, used 166011K [0x00000000eab00000, 0x00000000f6700000, 0x0000000100000000)
  eden space 155136K, 100% used [0x00000000eab00000,0x00000000f4280000,0x00000000f4280000)
  from space 15872K, 68% used [0x00000000f5280000,0x00000000f5d1ec80,0x00000000f6200000)
  to   space 16384K, 0% used [0x00000000f4280000,0x00000000f4280000,0x00000000f5280000)
 ParOldGen       total 58880K, used 24472K [0x00000000c0000000, 0x00000000c3980000, 0x00000000eab00000)
  object space 58880K, 41% used [0x00000000c0000000,0x00000000c17e61f8,0x00000000c3980000)
 Metaspace       used 43309K, capacity 44502K, committed 44672K, reserved 1087488K
  class space    used 5700K, capacity 5915K, committed 6016K, reserved 1048576K
Event: 305.119 GC heap after
Heap after GC invocations=17 (full 2):
 PSYoungGen      total 171520K, used 9418K [0x00000000eab00000, 0x00000000f9a80000, 0x0000000100000000)
  eden space 155136K, 0% used [0x00000000eab00000,0x00000000eab00000,0x00000000f4280000)
  from space 16384K, 57% used [0x00000000f4280000,0x00000000f4bb2a68,0x00000000f5280000)
  to   space 16896K, 0% used [0x00000000f8a00000,0x00000000f8a00000,0x00000000f9a80000)
 ParOldGen       total 58880K, used 32449K [0x00000000c0000000, 0x00000000c3980000, 0x00000000eab00000)
  object space 58880K, 55% used [0x00000000c0000000,0x00000000c1fb04e0,0x00000000c3980000)
 Metaspace       used 43309K, capacity 44502K, committed 44672K, reserved 1087488K
  class space    used 5700K, capacity 5915K, committed 6016K, reserved 1048576K
}
Event: 310.916 GC heap before
{Heap before GC invocations=18 (full 2):
 PSYoungGen      total 171520K, used 164554K [0x00000000eab00000, 0x00000000f9a80000, 0x0000000100000000)
  eden space 155136K, 100% used [0x00000000eab00000,0x00000000f4280000,0x00000000f4280000)
  from space 16384K, 57% used [0x00000000f4280000,0x00000000f4bb2a68,0x00000000f5280000)
  to   space 16896K, 0% used [0x00000000f8a00000,0x00000000f8a00000,0x00000000f9a80000)
 ParOldGen       total 58880K, used 32449K [0x00000000c0000000, 0x00000000c3980000, 0x00000000eab00000)
  object space 58880K, 55% used [0x00000000c0000000,0x00000000c1fb04e0,0x00000000c3980000)
 Metaspace       used 49571K, capacity 50948K, committed 51072K, reserved 1093632K
  class space    used 6671K, capacity 6990K, committed 7040K, reserved 1048576K
Event: 310.949 GC heap after
Heap after GC invocations=18 (full 2):
 PSYoungGen      total 225280K, used 15859K [0x00000000eab00000, 0x00000000f9b80000, 0x0000000100000000)
  eden space 208384K, 0% used [0x00000000eab00000,0x00000000eab00000,0x00000000f7680000)
  from space 16896K, 93% used [0x00000000f8a00000,0x00000000f997cc38,0x00000000f9a80000)
  to   space 18944K, 0% used [0x00000000f7680000,0x00000000f7680000,0x00000000f8900000)
 ParOldGen       total 58880K, used 36183K [0x00000000c0000000, 0x00000000c3980000, 0x00000000eab00000)
  object space 58880K, 61% used [0x00000000c0000000,0x00000000c2355d60,0x00000000c3980000)
 Metaspace       used 49571K, capacity 50948K, committed 51072K, reserved 1093632K
  class space    used 6671K, capacity 6990K, committed 7040K, reserved 1048576K
}
Event: 312.220 GC heap before
{Heap before GC invocations=19 (full 2):
 PSYoungGen      total 225280K, used 49761K [0x00000000eab00000, 0x00000000f9b80000, 0x0000000100000000)
  eden space 208384K, 16% used [0x00000000eab00000,0x00000000ecc1b868,0x00000000f7680000)
  from space 16896K, 93% used [0x00000000f8a00000,0x00000000f997cc38,0x00000000f9a80000)
  to   space 18944K, 0% used [0x00000000f7680000,0x00000000f7680000,0x00000000f8900000)
 ParOldGen       total 58880K, used 36183K [0x00000000c0000000, 0x00000000c3980000, 0x00000000eab00000)
  object space 58880K, 61% used [0x00000000c0000000,0x00000000c2355d60,0x00000000c3980000)
 Metaspace       used 52860K, capacity 54320K, committed 54400K, reserved 1095680K
  class space    used 7152K, capacity 7538K, committed 7552K, reserved 1048576K
Event: 312.249 GC heap after
Heap after GC invocations=19 (full 2):
 PSYoungGen      total 227328K, used 6112K [0x00000000eab00000, 0x00000000f9b80000, 0x0000000100000000)
  eden space 208384K, 0% used [0x00000000eab00000,0x00000000eab00000,0x00000000f7680000)
  from space 18944K, 32% used [0x00000000f7680000,0x00000000f7c78010,0x00000000f8900000)
  to   space 16896K, 0% used [0x00000000f8a00000,0x00000000f8a00000,0x00000000f9a80000)
 ParOldGen       total 58880K, used 48458K [0x00000000c0000000, 0x00000000c3980000, 0x00000000eab00000)
  object space 58880K, 82% used [0x00000000c0000000,0x00000000c2f529d0,0x00000000c3980000)
 Metaspace       used 52860K, capacity 54320K, committed 54400K, reserved 1095680K
  class space    used 7152K, capacity 7538K, committed 7552K, reserved 1048576K
}
Event: 312.249 GC heap before
{Heap before GC invocations=20 (full 3):
 PSYoungGen      total 227328K, used 6112K [0x00000000eab00000, 0x00000000f9b80000, 0x0000000100000000)
  eden space 208384K, 0% used [0x00000000eab00000,0x00000000eab00000,0x00000000f7680000)
  from space 18944K, 32% used [0x00000000f7680000,0x00000000f7c78010,0x00000000f8900000)
  to   space 16896K, 0% used [0x00000000f8a00000,0x00000000f8a00000,0x00000000f9a80000)
 ParOldGen       total 58880K, used 48458K [0x00000000c0000000, 0x00000000c3980000, 0x00000000eab00000)
  object space 58880K, 82% used [0x00000000c0000000,0x00000000c2f529d0,0x00000000c3980000)
 Metaspace       used 52860K, capacity 54320K, committed 54400K, reserved 1095680K
  class space    used 7152K, capacity 7538K, committed 7552K, reserved 1048576K
Event: 313.008 GC heap after
Heap after GC invocations=20 (full 3):
 PSYoungGen      total 227328K, used 0K [0x00000000eab00000, 0x00000000f9b80000, 0x0000000100000000)
  eden space 208384K, 0% used [0x00000000eab00000,0x00000000eab00000,0x00000000f7680000)
  from space 18944K, 0% used [0x00000000f7680000,0x00000000f7680000,0x00000000f8900000)
  to   space 16896K, 0% used [0x00000000f8a00000,0x00000000f8a00000,0x00000000f9a80000)
 ParOldGen       total 58880K, used 53714K [0x00000000c0000000, 0x00000000c3980000, 0x00000000eab00000)
  object space 58880K, 91% used [0x00000000c0000000,0x00000000c3474be8,0x00000000c3980000)
 Metaspace       used 52834K, capacity 54232K, committed 54400K, reserved 1095680K
  class space    used 7144K, capacity 7530K, committed 7552K, reserved 1048576K
}

